<?xml version="1.0" encoding="utf-8"?>
<TestRun id="e4243073-4476-46c9-90f0-ae8ba10c2986" name="@05b095b53a27 2021-07-11 14:17:28" xmlns="http://microsoft.com/schemas/VisualStudio/TeamTest/2010">
  <Times creation="2021-07-11T14:17:28.7520385+00:00" queuing="2021-07-11T14:17:28.7520386+00:00" start="2021-07-11T14:17:27.6057479+00:00" finish="2021-07-11T14:17:28.7589818+00:00" />
  <TestSettings name="default" id="907272b7-d414-4664-82e8-0ca5e7c9300d">
    <Deployment runDeploymentRoot="_05b095b53a27_2021-07-11_14_17_28" />
  </TestSettings>
  <Results>
    <UnitTestResult executionId="d774e31d-e776-4d4c-a4fc-dc1529b549ce" testId="c062bcd1-38ff-7a0a-4afe-678a701d284b" testName="TestProject.UnitTest2.TestCalc" computerName="05b095b53a27" duration="00:00:00.0032171" startTime="2021-07-11T14:17:28.6661108+00:00" endTime="2021-07-11T14:17:28.6661614+00:00" testType="13cdc9d9-ddb5-4fa4-a97d-d965ccfc6d4b" outcome="Passed" testListId="8c84fa94-04c1-424b-9868-57a2d4851a1d" relativeResultsDirectory="d774e31d-e776-4d4c-a4fc-dc1529b549ce" />
    <UnitTestResult executionId="2b6419a2-6b32-49b6-90f6-ef759a4438c1" testId="2cebf92b-d0b3-f9d2-c61c-357fd2a9c262" testName="TestProject.UnitTest1.Test1" computerName="05b095b53a27" duration="00:00:00.0033836" startTime="2021-07-11T14:17:28.6684036+00:00" endTime="2021-07-11T14:17:28.6684038+00:00" testType="13cdc9d9-ddb5-4fa4-a97d-d965ccfc6d4b" outcome="Passed" testListId="8c84fa94-04c1-424b-9868-57a2d4851a1d" relativeResultsDirectory="2b6419a2-6b32-49b6-90f6-ef759a4438c1" />
  </Results>
  <TestDefinitions>
    <UnitTest name="TestProject.UnitTest2.TestCalc" storage="/usr/src/project/testproject/bin/debug/net5.0/testproject.dll" id="c062bcd1-38ff-7a0a-4afe-678a701d284b">
      <Execution id="d774e31d-e776-4d4c-a4fc-dc1529b549ce" />
      <TestMethod codeBase="/usr/src/project/TestProject/bin/Debug/net5.0/TestProject.dll" adapterTypeName="executor://xunit/VsTestRunner2/netcoreapp" className="TestProject.UnitTest2" name="TestCalc" />
    </UnitTest>
    <UnitTest name="TestProject.UnitTest1.Test1" storage="/usr/src/project/testproject/bin/debug/net5.0/testproject.dll" id="2cebf92b-d0b3-f9d2-c61c-357fd2a9c262">
      <Execution id="2b6419a2-6b32-49b6-90f6-ef759a4438c1" />
      <TestMethod codeBase="/usr/src/project/TestProject/bin/Debug/net5.0/TestProject.dll" adapterTypeName="executor://xunit/VsTestRunner2/netcoreapp" className="TestProject.UnitTest1" name="Test1" />
    </UnitTest>
  </TestDefinitions>
  <TestEntries>
    <TestEntry testId="c062bcd1-38ff-7a0a-4afe-678a701d284b" executionId="d774e31d-e776-4d4c-a4fc-dc1529b549ce" testListId="8c84fa94-04c1-424b-9868-57a2d4851a1d" />
    <TestEntry testId="2cebf92b-d0b3-f9d2-c61c-357fd2a9c262" executionId="2b6419a2-6b32-49b6-90f6-ef759a4438c1" testListId="8c84fa94-04c1-424b-9868-57a2d4851a1d" />
  </TestEntries>
  <TestLists>
    <TestList name="Results Not in a List" id="8c84fa94-04c1-424b-9868-57a2d4851a1d" />
    <TestList name="All Loaded Results" id="19431567-8539-422a-85d7-44ee4e166bda" />
  </TestLists>
  <ResultSummary outcome="Completed">
    <Counters total="2" executed="2" passed="2" failed="0" error="0" timeout="0" aborted="0" inconclusive="0" passedButRunAborted="0" notRunnable="0" notExecuted="0" disconnected="0" warning="0" completed="0" inProgress="0" pending="0" />
    <Output>
      <StdOut>[xUnit.net 00:00:00.00] xUnit.net VSTest Adapter v2.4.3+1b45f5407b (64-bit .NET 5.0.7)
[xUnit.net 00:00:00.36]   Discovering: TestProject
[xUnit.net 00:00:00.38]   Discovered:  TestProject
[xUnit.net 00:00:00.38]   Starting:    TestProject
[xUnit.net 00:00:00.45]   Finished:    TestProject
</StdOut>
    </Output>
  </ResultSummary>
</TestRun>