<?xml version="1.0" encoding="utf-8"?>
<TestRun id="12b9c3ae-59d5-4eef-87b4-dbd85007039c" name="@7dc10d18b8a2 2021-07-11 14:01:07" xmlns="http://microsoft.com/schemas/VisualStudio/TeamTest/2010">
  <Times creation="2021-07-11T14:01:07.7603646+00:00" queuing="2021-07-11T14:01:07.7603647+00:00" start="2021-07-11T14:01:06.6345505+00:00" finish="2021-07-11T14:01:07.7677799+00:00" />
  <TestSettings name="default" id="fc8e6392-47cb-46f1-aec5-3fe03be3f458">
    <Deployment runDeploymentRoot="_7dc10d18b8a2_2021-07-11_14_01_07" />
  </TestSettings>
  <Results>
    <UnitTestResult executionId="4786f332-2fc5-48f0-8efe-f3cdcd90fca2" testId="2cebf92b-d0b3-f9d2-c61c-357fd2a9c262" testName="TestProject.UnitTest1.Test1" computerName="7dc10d18b8a2" duration="00:00:00.0035099" startTime="2021-07-11T14:01:07.6711230+00:00" endTime="2021-07-11T14:01:07.6711690+00:00" testType="13cdc9d9-ddb5-4fa4-a97d-d965ccfc6d4b" outcome="Passed" testListId="8c84fa94-04c1-424b-9868-57a2d4851a1d" relativeResultsDirectory="4786f332-2fc5-48f0-8efe-f3cdcd90fca2" />
    <UnitTestResult executionId="ab23a4a2-3cc8-4019-be23-ec95fbbaea2f" testId="c062bcd1-38ff-7a0a-4afe-678a701d284b" testName="TestProject.UnitTest2.TestCalc" computerName="7dc10d18b8a2" duration="00:00:00.0033199" startTime="2021-07-11T14:01:07.6734354+00:00" endTime="2021-07-11T14:01:07.6734357+00:00" testType="13cdc9d9-ddb5-4fa4-a97d-d965ccfc6d4b" outcome="Passed" testListId="8c84fa94-04c1-424b-9868-57a2d4851a1d" relativeResultsDirectory="ab23a4a2-3cc8-4019-be23-ec95fbbaea2f" />
  </Results>
  <TestDefinitions>
    <UnitTest name="TestProject.UnitTest2.TestCalc" storage="/usr/src/project/testproject/bin/debug/net5.0/testproject.dll" id="c062bcd1-38ff-7a0a-4afe-678a701d284b">
      <Execution id="ab23a4a2-3cc8-4019-be23-ec95fbbaea2f" />
      <TestMethod codeBase="/usr/src/project/TestProject/bin/Debug/net5.0/TestProject.dll" adapterTypeName="executor://xunit/VsTestRunner2/netcoreapp" className="TestProject.UnitTest2" name="TestCalc" />
    </UnitTest>
    <UnitTest name="TestProject.UnitTest1.Test1" storage="/usr/src/project/testproject/bin/debug/net5.0/testproject.dll" id="2cebf92b-d0b3-f9d2-c61c-357fd2a9c262">
      <Execution id="4786f332-2fc5-48f0-8efe-f3cdcd90fca2" />
      <TestMethod codeBase="/usr/src/project/TestProject/bin/Debug/net5.0/TestProject.dll" adapterTypeName="executor://xunit/VsTestRunner2/netcoreapp" className="TestProject.UnitTest1" name="Test1" />
    </UnitTest>
  </TestDefinitions>
  <TestEntries>
    <TestEntry testId="2cebf92b-d0b3-f9d2-c61c-357fd2a9c262" executionId="4786f332-2fc5-48f0-8efe-f3cdcd90fca2" testListId="8c84fa94-04c1-424b-9868-57a2d4851a1d" />
    <TestEntry testId="c062bcd1-38ff-7a0a-4afe-678a701d284b" executionId="ab23a4a2-3cc8-4019-be23-ec95fbbaea2f" testListId="8c84fa94-04c1-424b-9868-57a2d4851a1d" />
  </TestEntries>
  <TestLists>
    <TestList name="Results Not in a List" id="8c84fa94-04c1-424b-9868-57a2d4851a1d" />
    <TestList name="All Loaded Results" id="19431567-8539-422a-85d7-44ee4e166bda" />
  </TestLists>
  <ResultSummary outcome="Completed">
    <Counters total="2" executed="2" passed="2" failed="0" error="0" timeout="0" aborted="0" inconclusive="0" passedButRunAborted="0" notRunnable="0" notExecuted="0" disconnected="0" warning="0" completed="0" inProgress="0" pending="0" />
    <Output>
      <StdOut>[xUnit.net 00:00:00.00] xUnit.net VSTest Adapter v2.4.3+1b45f5407b (64-bit .NET 5.0.7)
[xUnit.net 00:00:00.35]   Discovering: TestProject
[xUnit.net 00:00:00.37]   Discovered:  TestProject
[xUnit.net 00:00:00.37]   Starting:    TestProject
[xUnit.net 00:00:00.44]   Finished:    TestProject
</StdOut>
    </Output>
  </ResultSummary>
</TestRun>