<?xml version="1.0" encoding="utf-8"?>
<TestRun id="5d6dc4fd-20c1-4836-8fd1-7f1fda1ab662" name="@b870f83fa772 2021-07-11 14:03:11" xmlns="http://microsoft.com/schemas/VisualStudio/TeamTest/2010">
  <Times creation="2021-07-11T14:03:11.3774534+00:00" queuing="2021-07-11T14:03:11.3774535+00:00" start="2021-07-11T14:03:10.2072501+00:00" finish="2021-07-11T14:03:11.3843199+00:00" />
  <TestSettings name="default" id="a3deb4ed-ee48-4b00-ab5a-277258db79ca">
    <Deployment runDeploymentRoot="_b870f83fa772_2021-07-11_14_03_11" />
  </TestSettings>
  <Results>
    <UnitTestResult executionId="d1da38a0-271e-4817-90a3-afa3264b1086" testId="2cebf92b-d0b3-f9d2-c61c-357fd2a9c262" testName="TestProject.UnitTest1.Test1" computerName="b870f83fa772" duration="00:00:00.0033260" startTime="2021-07-11T14:03:11.2831185+00:00" endTime="2021-07-11T14:03:11.2831187+00:00" testType="13cdc9d9-ddb5-4fa4-a97d-d965ccfc6d4b" outcome="Passed" testListId="8c84fa94-04c1-424b-9868-57a2d4851a1d" relativeResultsDirectory="d1da38a0-271e-4817-90a3-afa3264b1086" />
    <UnitTestResult executionId="bf0b1403-c59a-43c6-bc69-0c247f8a4d62" testId="c062bcd1-38ff-7a0a-4afe-678a701d284b" testName="TestProject.UnitTest2.TestCalc" computerName="b870f83fa772" duration="00:00:00.0031392" startTime="2021-07-11T14:03:11.2807658+00:00" endTime="2021-07-11T14:03:11.2808241+00:00" testType="13cdc9d9-ddb5-4fa4-a97d-d965ccfc6d4b" outcome="Passed" testListId="8c84fa94-04c1-424b-9868-57a2d4851a1d" relativeResultsDirectory="bf0b1403-c59a-43c6-bc69-0c247f8a4d62" />
  </Results>
  <TestDefinitions>
    <UnitTest name="TestProject.UnitTest2.TestCalc" storage="/usr/src/project/testproject/bin/debug/net5.0/testproject.dll" id="c062bcd1-38ff-7a0a-4afe-678a701d284b">
      <Execution id="bf0b1403-c59a-43c6-bc69-0c247f8a4d62" />
      <TestMethod codeBase="/usr/src/project/TestProject/bin/Debug/net5.0/TestProject.dll" adapterTypeName="executor://xunit/VsTestRunner2/netcoreapp" className="TestProject.UnitTest2" name="TestCalc" />
    </UnitTest>
    <UnitTest name="TestProject.UnitTest1.Test1" storage="/usr/src/project/testproject/bin/debug/net5.0/testproject.dll" id="2cebf92b-d0b3-f9d2-c61c-357fd2a9c262">
      <Execution id="d1da38a0-271e-4817-90a3-afa3264b1086" />
      <TestMethod codeBase="/usr/src/project/TestProject/bin/Debug/net5.0/TestProject.dll" adapterTypeName="executor://xunit/VsTestRunner2/netcoreapp" className="TestProject.UnitTest1" name="Test1" />
    </UnitTest>
  </TestDefinitions>
  <TestEntries>
    <TestEntry testId="2cebf92b-d0b3-f9d2-c61c-357fd2a9c262" executionId="d1da38a0-271e-4817-90a3-afa3264b1086" testListId="8c84fa94-04c1-424b-9868-57a2d4851a1d" />
    <TestEntry testId="c062bcd1-38ff-7a0a-4afe-678a701d284b" executionId="bf0b1403-c59a-43c6-bc69-0c247f8a4d62" testListId="8c84fa94-04c1-424b-9868-57a2d4851a1d" />
  </TestEntries>
  <TestLists>
    <TestList name="Results Not in a List" id="8c84fa94-04c1-424b-9868-57a2d4851a1d" />
    <TestList name="All Loaded Results" id="19431567-8539-422a-85d7-44ee4e166bda" />
  </TestLists>
  <ResultSummary outcome="Completed">
    <Counters total="2" executed="2" passed="2" failed="0" error="0" timeout="0" aborted="0" inconclusive="0" passedButRunAborted="0" notRunnable="0" notExecuted="0" disconnected="0" warning="0" completed="0" inProgress="0" pending="0" />
    <Output>
      <StdOut>[xUnit.net 00:00:00.00] xUnit.net VSTest Adapter v2.4.3+1b45f5407b (64-bit .NET 5.0.7)
[xUnit.net 00:00:00.36]   Discovering: TestProject
[xUnit.net 00:00:00.38]   Discovered:  TestProject
[xUnit.net 00:00:00.38]   Starting:    TestProject
[xUnit.net 00:00:00.45]   Finished:    TestProject
</StdOut>
    </Output>
  </ResultSummary>
</TestRun>