<?xml version="1.0" encoding="utf-8"?>
<TestRun id="1fd279ff-b284-4214-af93-030802f2a9e8" name="@cc301d2ed9fd 2021-07-11 13:57:55" xmlns="http://microsoft.com/schemas/VisualStudio/TeamTest/2010">
  <Times creation="2021-07-11T13:57:55.4583645+00:00" queuing="2021-07-11T13:57:55.4583646+00:00" start="2021-07-11T13:57:54.3016369+00:00" finish="2021-07-11T13:57:55.4653499+00:00" />
  <TestSettings name="default" id="ab73ae4f-8312-43dd-94a5-f41bcd6d94b5">
    <Deployment runDeploymentRoot="_cc301d2ed9fd_2021-07-11_13_57_55" />
  </TestSettings>
  <Results>
    <UnitTestResult executionId="e8afa96b-bae8-4244-bdba-bc69dfc2bad6" testId="2cebf92b-d0b3-f9d2-c61c-357fd2a9c262" testName="TestProject.UnitTest1.Test1" computerName="cc301d2ed9fd" duration="00:00:00.0035615" startTime="2021-07-11T13:57:55.3770739+00:00" endTime="2021-07-11T13:57:55.3770741+00:00" testType="13cdc9d9-ddb5-4fa4-a97d-d965ccfc6d4b" outcome="Passed" testListId="8c84fa94-04c1-424b-9868-57a2d4851a1d" relativeResultsDirectory="e8afa96b-bae8-4244-bdba-bc69dfc2bad6" />
    <UnitTestResult executionId="83b7afb7-1372-489e-8936-ffc4499c3ff3" testId="c062bcd1-38ff-7a0a-4afe-678a701d284b" testName="TestProject.UnitTest2.TestCalc" computerName="cc301d2ed9fd" duration="00:00:00.0032720" startTime="2021-07-11T13:57:55.3748345+00:00" endTime="2021-07-11T13:57:55.3748810+00:00" testType="13cdc9d9-ddb5-4fa4-a97d-d965ccfc6d4b" outcome="Passed" testListId="8c84fa94-04c1-424b-9868-57a2d4851a1d" relativeResultsDirectory="83b7afb7-1372-489e-8936-ffc4499c3ff3" />
  </Results>
  <TestDefinitions>
    <UnitTest name="TestProject.UnitTest2.TestCalc" storage="/usr/src/project/testproject/bin/debug/net5.0/testproject.dll" id="c062bcd1-38ff-7a0a-4afe-678a701d284b">
      <Execution id="83b7afb7-1372-489e-8936-ffc4499c3ff3" />
      <TestMethod codeBase="/usr/src/project/TestProject/bin/Debug/net5.0/TestProject.dll" adapterTypeName="executor://xunit/VsTestRunner2/netcoreapp" className="TestProject.UnitTest2" name="TestCalc" />
    </UnitTest>
    <UnitTest name="TestProject.UnitTest1.Test1" storage="/usr/src/project/testproject/bin/debug/net5.0/testproject.dll" id="2cebf92b-d0b3-f9d2-c61c-357fd2a9c262">
      <Execution id="e8afa96b-bae8-4244-bdba-bc69dfc2bad6" />
      <TestMethod codeBase="/usr/src/project/TestProject/bin/Debug/net5.0/TestProject.dll" adapterTypeName="executor://xunit/VsTestRunner2/netcoreapp" className="TestProject.UnitTest1" name="Test1" />
    </UnitTest>
  </TestDefinitions>
  <TestEntries>
    <TestEntry testId="2cebf92b-d0b3-f9d2-c61c-357fd2a9c262" executionId="e8afa96b-bae8-4244-bdba-bc69dfc2bad6" testListId="8c84fa94-04c1-424b-9868-57a2d4851a1d" />
    <TestEntry testId="c062bcd1-38ff-7a0a-4afe-678a701d284b" executionId="83b7afb7-1372-489e-8936-ffc4499c3ff3" testListId="8c84fa94-04c1-424b-9868-57a2d4851a1d" />
  </TestEntries>
  <TestLists>
    <TestList name="Results Not in a List" id="8c84fa94-04c1-424b-9868-57a2d4851a1d" />
    <TestList name="All Loaded Results" id="19431567-8539-422a-85d7-44ee4e166bda" />
  </TestLists>
  <ResultSummary outcome="Completed">
    <Counters total="2" executed="2" passed="2" failed="0" error="0" timeout="0" aborted="0" inconclusive="0" passedButRunAborted="0" notRunnable="0" notExecuted="0" disconnected="0" warning="0" completed="0" inProgress="0" pending="0" />
    <Output>
      <StdOut>[xUnit.net 00:00:00.00] xUnit.net VSTest Adapter v2.4.3+1b45f5407b (64-bit .NET 5.0.7)
[xUnit.net 00:00:00.36]   Discovering: TestProject
[xUnit.net 00:00:00.38]   Discovered:  TestProject
[xUnit.net 00:00:00.38]   Starting:    TestProject
[xUnit.net 00:00:00.44]   Finished:    TestProject
</StdOut>
    </Output>
  </ResultSummary>
</TestRun>