<?xml version="1.0" encoding="utf-8"?>
<TestRun id="a1770258-5766-47d1-ae4d-29249b4062e9" name="@069332ed21e8 2023-11-16 08:28:36" xmlns="http://microsoft.com/schemas/VisualStudio/TeamTest/2010">
  <Times creation="2023-11-16T08:28:36.3288169+00:00" queuing="2023-11-16T08:28:36.3288169+00:00" start="2023-11-16T08:28:35.5665129+00:00" finish="2023-11-16T08:28:36.3368894+00:00" />
  <TestSettings name="default" id="225101c1-8f65-46d0-a78d-1bed07ca5a34">
    <Deployment runDeploymentRoot="_069332ed21e8_2023-11-16_08_28_36" />
  </TestSettings>
  <Results>
    <UnitTestResult executionId="832bdabd-0a09-4171-a24c-a288696b29bc" testId="55901e9b-dec1-8d87-44ed-0bc7526abcda" testName="T01_checkPassword_ok" computerName="069332ed21e8" duration="00:00:00.0031244" startTime="2023-11-16T08:28:36.1691903+00:00" endTime="2023-11-16T08:28:36.1833656+00:00" testType="13cdc9d9-ddb5-4fa4-a97d-d965ccfc6d4b" outcome="Passed" testListId="8c84fa94-04c1-424b-9868-57a2d4851a1d" relativeResultsDirectory="832bdabd-0a09-4171-a24c-a288696b29bc" />
    <UnitTestResult executionId="ed1ccd23-d2ab-4c79-b092-e3ba7b473827" testId="d7cecce9-aa1f-a976-1c14-4d3740e84a8f" testName="T02_checkPassword_invalid" computerName="069332ed21e8" duration="00:00:00.0002808" startTime="2023-11-16T08:28:36.1877572+00:00" endTime="2023-11-16T08:28:36.1883566+00:00" testType="13cdc9d9-ddb5-4fa4-a97d-d965ccfc6d4b" outcome="Passed" testListId="8c84fa94-04c1-424b-9868-57a2d4851a1d" relativeResultsDirectory="ed1ccd23-d2ab-4c79-b092-e3ba7b473827" />
  </Results>
  <TestDefinitions>
    <UnitTest name="T02_checkPassword_invalid" storage="/usr/src/work/passwordtesttests/bin/debug/net7.0/passwordtesttests.dll" id="d7cecce9-aa1f-a976-1c14-4d3740e84a8f">
      <Execution id="ed1ccd23-d2ab-4c79-b092-e3ba7b473827" />
      <TestMethod codeBase="/usr/src/work/PasswordTestTests/bin/Debug/net7.0/PasswordTestTests.dll" adapterTypeName="executor://mstestadapter/v2" className="Tests.PasswordCheckerTests" name="T02_checkPassword_invalid" />
    </UnitTest>
    <UnitTest name="T01_checkPassword_ok" storage="/usr/src/work/passwordtesttests/bin/debug/net7.0/passwordtesttests.dll" id="55901e9b-dec1-8d87-44ed-0bc7526abcda">
      <Execution id="832bdabd-0a09-4171-a24c-a288696b29bc" />
      <TestMethod codeBase="/usr/src/work/PasswordTestTests/bin/Debug/net7.0/PasswordTestTests.dll" adapterTypeName="executor://mstestadapter/v2" className="Tests.PasswordCheckerTests" name="T01_checkPassword_ok" />
    </UnitTest>
  </TestDefinitions>
  <TestEntries>
    <TestEntry testId="55901e9b-dec1-8d87-44ed-0bc7526abcda" executionId="832bdabd-0a09-4171-a24c-a288696b29bc" testListId="8c84fa94-04c1-424b-9868-57a2d4851a1d" />
    <TestEntry testId="d7cecce9-aa1f-a976-1c14-4d3740e84a8f" executionId="ed1ccd23-d2ab-4c79-b092-e3ba7b473827" testListId="8c84fa94-04c1-424b-9868-57a2d4851a1d" />
  </TestEntries>
  <TestLists>
    <TestList name="Results Not in a List" id="8c84fa94-04c1-424b-9868-57a2d4851a1d" />
    <TestList name="All Loaded Results" id="19431567-8539-422a-85d7-44ee4e166bda" />
  </TestLists>
  <ResultSummary outcome="Completed">
    <Counters total="2" executed="2" passed="2" failed="0" error="0" timeout="0" aborted="0" inconclusive="0" passedButRunAborted="0" notRunnable="0" notExecuted="0" disconnected="0" warning="0" completed="0" inProgress="0" pending="0" />
  </ResultSummary>
</TestRun>