<?xml version="1.0" encoding="utf-8"?>
<TestRun id="1a8932eb-16e1-4196-9cea-527073dea3c3" name="@0fdada2207f7 2023-11-16 08:10:18" xmlns="http://microsoft.com/schemas/VisualStudio/TeamTest/2010">
  <Times creation="2023-11-16T08:10:18.3994743+00:00" queuing="2023-11-16T08:10:18.3994743+00:00" start="2023-11-16T08:10:17.7145991+00:00" finish="2023-11-16T08:10:18.4073640+00:00" />
  <TestSettings name="default" id="2489a23b-9bcf-4996-8f59-ad865ed4b4ff">
    <Deployment runDeploymentRoot="_0fdada2207f7_2023-11-16_08_10_18" />
  </TestSettings>
  <Results>
    <UnitTestResult executionId="73ffa4e5-9258-4d6d-ace3-64595e0b80ee" testId="d7cecce9-aa1f-a976-1c14-4d3740e84a8f" testName="T02_checkPassword_invalid" computerName="0fdada2207f7" duration="00:00:00.0002589" startTime="2023-11-16T08:10:18.2569067+00:00" endTime="2023-11-16T08:10:18.2574626+00:00" testType="13cdc9d9-ddb5-4fa4-a97d-d965ccfc6d4b" outcome="Passed" testListId="8c84fa94-04c1-424b-9868-57a2d4851a1d" relativeResultsDirectory="73ffa4e5-9258-4d6d-ace3-64595e0b80ee" />
    <UnitTestResult executionId="db06f735-b49e-4617-84af-30640057217d" testId="55901e9b-dec1-8d87-44ed-0bc7526abcda" testName="T01_checkPassword_ok" computerName="0fdada2207f7" duration="00:00:00.0020553" startTime="2023-11-16T08:10:18.2405807+00:00" endTime="2023-11-16T08:10:18.2528526+00:00" testType="13cdc9d9-ddb5-4fa4-a97d-d965ccfc6d4b" outcome="Passed" testListId="8c84fa94-04c1-424b-9868-57a2d4851a1d" relativeResultsDirectory="db06f735-b49e-4617-84af-30640057217d" />
  </Results>
  <TestDefinitions>
    <UnitTest name="T02_checkPassword_invalid" storage="/usr/src/work/passwordtesttests/bin/debug/net7.0/passwordtesttests.dll" id="d7cecce9-aa1f-a976-1c14-4d3740e84a8f">
      <Execution id="73ffa4e5-9258-4d6d-ace3-64595e0b80ee" />
      <TestMethod codeBase="/usr/src/work/PasswordTestTests/bin/Debug/net7.0/PasswordTestTests.dll" adapterTypeName="executor://mstestadapter/v2" className="Tests.PasswordCheckerTests" name="T02_checkPassword_invalid" />
    </UnitTest>
    <UnitTest name="T01_checkPassword_ok" storage="/usr/src/work/passwordtesttests/bin/debug/net7.0/passwordtesttests.dll" id="55901e9b-dec1-8d87-44ed-0bc7526abcda">
      <Execution id="db06f735-b49e-4617-84af-30640057217d" />
      <TestMethod codeBase="/usr/src/work/PasswordTestTests/bin/Debug/net7.0/PasswordTestTests.dll" adapterTypeName="executor://mstestadapter/v2" className="Tests.PasswordCheckerTests" name="T01_checkPassword_ok" />
    </UnitTest>
  </TestDefinitions>
  <TestEntries>
    <TestEntry testId="d7cecce9-aa1f-a976-1c14-4d3740e84a8f" executionId="73ffa4e5-9258-4d6d-ace3-64595e0b80ee" testListId="8c84fa94-04c1-424b-9868-57a2d4851a1d" />
    <TestEntry testId="55901e9b-dec1-8d87-44ed-0bc7526abcda" executionId="db06f735-b49e-4617-84af-30640057217d" testListId="8c84fa94-04c1-424b-9868-57a2d4851a1d" />
  </TestEntries>
  <TestLists>
    <TestList name="Results Not in a List" id="8c84fa94-04c1-424b-9868-57a2d4851a1d" />
    <TestList name="All Loaded Results" id="19431567-8539-422a-85d7-44ee4e166bda" />
  </TestLists>
  <ResultSummary outcome="Completed">
    <Counters total="2" executed="2" passed="2" failed="0" error="0" timeout="0" aborted="0" inconclusive="0" passedButRunAborted="0" notRunnable="0" notExecuted="0" disconnected="0" warning="0" completed="0" inProgress="0" pending="0" />
  </ResultSummary>
</TestRun>