<?xml version="1.0" encoding="utf-8"?>
<TestRun id="dd6f18f3-af75-4307-b5c8-91a2d5641080" name="@12375e75b148 2023-11-15 16:33:31" xmlns="http://microsoft.com/schemas/VisualStudio/TeamTest/2010">
  <Times creation="2023-11-15T16:33:31.4564069+00:00" queuing="2023-11-15T16:33:31.4564070+00:00" start="2023-11-15T16:33:31.0554931+00:00" finish="2023-11-15T16:33:31.4614818+00:00" />
  <TestSettings name="default" id="5dfe9145-eaf6-4cc7-879e-53b4fdb2e933">
    <Deployment runDeploymentRoot="_12375e75b148_2023-11-15_16_33_31" />
  </TestSettings>
  <Results>
    <UnitTestResult executionId="920d0f41-018a-4dce-a001-fdb8613788c8" testId="d7cecce9-aa1f-a976-1c14-4d3740e84a8f" testName="T02_checkPassword_invalid" computerName="12375e75b148" duration="00:00:00.0001819" startTime="2023-11-15T16:33:31.3760865+00:00" endTime="2023-11-15T16:33:31.3764562+00:00" testType="13cdc9d9-ddb5-4fa4-a97d-d965ccfc6d4b" outcome="Passed" testListId="8c84fa94-04c1-424b-9868-57a2d4851a1d" relativeResultsDirectory="920d0f41-018a-4dce-a001-fdb8613788c8" />
    <UnitTestResult executionId="5b79e81a-705f-47d8-b548-24dd41f2d039" testId="55901e9b-dec1-8d87-44ed-0bc7526abcda" testName="T01_checkPassword_ok" computerName="12375e75b148" duration="00:00:00.0014346" startTime="2023-11-15T16:33:31.3651655+00:00" endTime="2023-11-15T16:33:31.3730744+00:00" testType="13cdc9d9-ddb5-4fa4-a97d-d965ccfc6d4b" outcome="Passed" testListId="8c84fa94-04c1-424b-9868-57a2d4851a1d" relativeResultsDirectory="5b79e81a-705f-47d8-b548-24dd41f2d039" />
  </Results>
  <TestDefinitions>
    <UnitTest name="T02_checkPassword_invalid" storage="/usr/src/work/passwordtesttests/bin/debug/net7.0/passwordtesttests.dll" id="d7cecce9-aa1f-a976-1c14-4d3740e84a8f">
      <Execution id="920d0f41-018a-4dce-a001-fdb8613788c8" />
      <TestMethod codeBase="/usr/src/work/PasswordTestTests/bin/Debug/net7.0/PasswordTestTests.dll" adapterTypeName="executor://mstestadapter/v2" className="Tests.PasswordCheckerTests" name="T02_checkPassword_invalid" />
    </UnitTest>
    <UnitTest name="T01_checkPassword_ok" storage="/usr/src/work/passwordtesttests/bin/debug/net7.0/passwordtesttests.dll" id="55901e9b-dec1-8d87-44ed-0bc7526abcda">
      <Execution id="5b79e81a-705f-47d8-b548-24dd41f2d039" />
      <TestMethod codeBase="/usr/src/work/PasswordTestTests/bin/Debug/net7.0/PasswordTestTests.dll" adapterTypeName="executor://mstestadapter/v2" className="Tests.PasswordCheckerTests" name="T01_checkPassword_ok" />
    </UnitTest>
  </TestDefinitions>
  <TestEntries>
    <TestEntry testId="d7cecce9-aa1f-a976-1c14-4d3740e84a8f" executionId="920d0f41-018a-4dce-a001-fdb8613788c8" testListId="8c84fa94-04c1-424b-9868-57a2d4851a1d" />
    <TestEntry testId="55901e9b-dec1-8d87-44ed-0bc7526abcda" executionId="5b79e81a-705f-47d8-b548-24dd41f2d039" testListId="8c84fa94-04c1-424b-9868-57a2d4851a1d" />
  </TestEntries>
  <TestLists>
    <TestList name="Results Not in a List" id="8c84fa94-04c1-424b-9868-57a2d4851a1d" />
    <TestList name="All Loaded Results" id="19431567-8539-422a-85d7-44ee4e166bda" />
  </TestLists>
  <ResultSummary outcome="Completed">
    <Counters total="2" executed="2" passed="2" failed="0" error="0" timeout="0" aborted="0" inconclusive="0" passedButRunAborted="0" notRunnable="0" notExecuted="0" disconnected="0" warning="0" completed="0" inProgress="0" pending="0" />
  </ResultSummary>
</TestRun>