<?xml version="1.0" encoding="utf-8"?>
<TestRun id="0702935f-9c1e-414a-9382-10d674a4502e" name="@6769527d722d 2023-12-03 19:09:00" xmlns="http://microsoft.com/schemas/VisualStudio/TeamTest/2010">
  <Times creation="2023-12-03T19:09:00.2732582+00:00" queuing="2023-12-03T19:09:00.2732583+00:00" start="2023-12-03T19:08:57.2152888+00:00" finish="2023-12-03T19:09:00.2962645+00:00" />
  <TestSettings name="default" id="3770ba13-4f6c-403b-b434-47e54c7d4543">
    <Deployment runDeploymentRoot="_6769527d722d_2023-12-03_19_09_00" />
  </TestSettings>
  <Results>
    <UnitTestResult executionId="73a16415-bc72-4e3d-94ed-26a07f6fc35d" testId="c9c584cc-f73d-2cb6-bc9c-29e90670fd3e" testName="subtractTest_OK" computerName="6769527d722d" duration="00:00:00.0093922" startTime="2023-12-03T19:08:59.5923490+00:00" endTime="2023-12-03T19:08:59.6347495+00:00" testType="13cdc9d9-ddb5-4fa4-a97d-d965ccfc6d4b" outcome="Passed" testListId="8c84fa94-04c1-424b-9868-57a2d4851a1d" relativeResultsDirectory="73a16415-bc72-4e3d-94ed-26a07f6fc35d" />
    <UnitTestResult executionId="4342a1f8-3ff7-4c4b-8aac-a07c6fa01f47" testId="614019b7-4599-7dc4-a174-84b9d0b51b94" testName="subtractTest_NotOk" computerName="6769527d722d" duration="00:00:00.0009764" startTime="2023-12-03T19:08:59.6486806+00:00" endTime="2023-12-03T19:08:59.6508628+00:00" testType="13cdc9d9-ddb5-4fa4-a97d-d965ccfc6d4b" outcome="Passed" testListId="8c84fa94-04c1-424b-9868-57a2d4851a1d" relativeResultsDirectory="4342a1f8-3ff7-4c4b-8aac-a07c6fa01f47" />
  </Results>
  <TestDefinitions>
    <UnitTest name="subtractTest_OK" storage="/usr/src/work/subtractiontests/bin/debug/net7.0/subtractiontests.dll" id="c9c584cc-f73d-2cb6-bc9c-29e90670fd3e">
      <Execution id="73a16415-bc72-4e3d-94ed-26a07f6fc35d" />
      <TestMethod codeBase="/usr/src/work/SubtractionTests/bin/Debug/net7.0/SubtractionTests.dll" adapterTypeName="executor://mstestadapter/v2" className="Tests.SubtractionTests" name="subtractTest_OK" />
    </UnitTest>
    <UnitTest name="subtractTest_NotOk" storage="/usr/src/work/subtractiontests/bin/debug/net7.0/subtractiontests.dll" id="614019b7-4599-7dc4-a174-84b9d0b51b94">
      <Execution id="4342a1f8-3ff7-4c4b-8aac-a07c6fa01f47" />
      <TestMethod codeBase="/usr/src/work/SubtractionTests/bin/Debug/net7.0/SubtractionTests.dll" adapterTypeName="executor://mstestadapter/v2" className="Tests.SubtractionTests" name="subtractTest_NotOk" />
    </UnitTest>
  </TestDefinitions>
  <TestEntries>
    <TestEntry testId="c9c584cc-f73d-2cb6-bc9c-29e90670fd3e" executionId="73a16415-bc72-4e3d-94ed-26a07f6fc35d" testListId="8c84fa94-04c1-424b-9868-57a2d4851a1d" />
    <TestEntry testId="614019b7-4599-7dc4-a174-84b9d0b51b94" executionId="4342a1f8-3ff7-4c4b-8aac-a07c6fa01f47" testListId="8c84fa94-04c1-424b-9868-57a2d4851a1d" />
  </TestEntries>
  <TestLists>
    <TestList name="Results Not in a List" id="8c84fa94-04c1-424b-9868-57a2d4851a1d" />
    <TestList name="All Loaded Results" id="19431567-8539-422a-85d7-44ee4e166bda" />
  </TestLists>
  <ResultSummary outcome="Completed">
    <Counters total="2" executed="2" passed="2" failed="0" error="0" timeout="0" aborted="0" inconclusive="0" passedButRunAborted="0" notRunnable="0" notExecuted="0" disconnected="0" warning="0" completed="0" inProgress="0" pending="0" />
  </ResultSummary>
</TestRun>