<?xml version="1.0" encoding="utf-8"?>
<TestRun id="5a518cc3-b301-4cdf-8ac8-b9ab2e22666c" name="@0d34c18ff43e 2023-12-29 22:41:05" xmlns="http://microsoft.com/schemas/VisualStudio/TeamTest/2010">
  <Times creation="2023-12-29T22:41:05.7687454+00:00" queuing="2023-12-29T22:41:05.7687455+00:00" start="2023-12-29T22:41:04.9532269+00:00" finish="2023-12-29T22:41:05.7833036+00:00" />
  <TestSettings name="default" id="36cdec4f-5c23-4759-bc54-5667889e434b">
    <Deployment runDeploymentRoot="_0d34c18ff43e_2023-12-29_22_41_05" />
  </TestSettings>
  <Results>
    <UnitTestResult executionId="e86e9369-abba-4904-ac5b-9aab2b05af67" testId="55901e9b-dec1-8d87-44ed-0bc7526abcda" testName="T01_checkPassword_ok" computerName="0d34c18ff43e" duration="00:00:00.0040334" startTime="2023-12-29T22:41:05.5192907+00:00" endTime="2023-12-29T22:41:05.5399837+00:00" testType="13cdc9d9-ddb5-4fa4-a97d-d965ccfc6d4b" outcome="Passed" testListId="8c84fa94-04c1-424b-9868-57a2d4851a1d" relativeResultsDirectory="e86e9369-abba-4904-ac5b-9aab2b05af67" />
    <UnitTestResult executionId="38004f84-9e4e-45cb-99f8-60b628d47e0a" testId="d7cecce9-aa1f-a976-1c14-4d3740e84a8f" testName="T02_checkPassword_invalid" computerName="0d34c18ff43e" duration="00:00:00.0154253" startTime="2023-12-29T22:41:05.5455064+00:00" endTime="2023-12-29T22:41:05.5616954+00:00" testType="13cdc9d9-ddb5-4fa4-a97d-d965ccfc6d4b" outcome="Failed" testListId="8c84fa94-04c1-424b-9868-57a2d4851a1d" relativeResultsDirectory="38004f84-9e4e-45cb-99f8-60b628d47e0a">
      <Output>
        <ErrorInfo>
          <Message>Assert.IsTrue failed. </Message>
          <StackTrace>   at Tests.PasswordCheckerTests.T02_checkPassword_invalid() in /usr/src/work/PasswordTestTests/PasswordCheckerTests.cs:line 23
   at System.RuntimeMethodHandle.InvokeMethod(Object target, Void** arguments, Signature sig, Boolean isConstructor)
   at System.Reflection.MethodInvoker.Invoke(Object obj, IntPtr* args, BindingFlags invokeAttr)
</StackTrace>
        </ErrorInfo>
      </Output>
    </UnitTestResult>
  </Results>
  <TestDefinitions>
    <UnitTest name="T02_checkPassword_invalid" storage="/usr/src/work/passwordtesttests/bin/debug/net7.0/passwordtesttests.dll" id="d7cecce9-aa1f-a976-1c14-4d3740e84a8f">
      <Execution id="38004f84-9e4e-45cb-99f8-60b628d47e0a" />
      <TestMethod codeBase="/usr/src/work/PasswordTestTests/bin/Debug/net7.0/PasswordTestTests.dll" adapterTypeName="executor://mstestadapter/v2" className="Tests.PasswordCheckerTests" name="T02_checkPassword_invalid" />
    </UnitTest>
    <UnitTest name="T01_checkPassword_ok" storage="/usr/src/work/passwordtesttests/bin/debug/net7.0/passwordtesttests.dll" id="55901e9b-dec1-8d87-44ed-0bc7526abcda">
      <Execution id="e86e9369-abba-4904-ac5b-9aab2b05af67" />
      <TestMethod codeBase="/usr/src/work/PasswordTestTests/bin/Debug/net7.0/PasswordTestTests.dll" adapterTypeName="executor://mstestadapter/v2" className="Tests.PasswordCheckerTests" name="T01_checkPassword_ok" />
    </UnitTest>
  </TestDefinitions>
  <TestEntries>
    <TestEntry testId="55901e9b-dec1-8d87-44ed-0bc7526abcda" executionId="e86e9369-abba-4904-ac5b-9aab2b05af67" testListId="8c84fa94-04c1-424b-9868-57a2d4851a1d" />
    <TestEntry testId="d7cecce9-aa1f-a976-1c14-4d3740e84a8f" executionId="38004f84-9e4e-45cb-99f8-60b628d47e0a" testListId="8c84fa94-04c1-424b-9868-57a2d4851a1d" />
  </TestEntries>
  <TestLists>
    <TestList name="Results Not in a List" id="8c84fa94-04c1-424b-9868-57a2d4851a1d" />
    <TestList name="All Loaded Results" id="19431567-8539-422a-85d7-44ee4e166bda" />
  </TestLists>
  <ResultSummary outcome="Failed">
    <Counters total="2" executed="2" passed="1" failed="1" error="0" timeout="0" aborted="0" inconclusive="0" passedButRunAborted="0" notRunnable="0" notExecuted="0" disconnected="0" warning="0" completed="0" inProgress="0" pending="0" />
  </ResultSummary>
</TestRun>