<?xml version="1.0" encoding="utf-8"?>
<TestRun id="5c84a832-d323-4828-a2ed-0d26ee84a37d" name="@0d32bfe019ae 2023-12-03 19:07:36" xmlns="http://microsoft.com/schemas/VisualStudio/TeamTest/2010">
  <Times creation="2023-12-03T19:07:36.9268582+00:00" queuing="2023-12-03T19:07:36.9268584+00:00" start="2023-12-03T19:07:31.6304193+00:00" finish="2023-12-03T19:07:36.9541655+00:00" />
  <TestSettings name="default" id="651487f2-461e-4c60-a58e-463fac963067">
    <Deployment runDeploymentRoot="_0d32bfe019ae_2023-12-03_19_07_36" />
  </TestSettings>
  <Results>
    <UnitTestResult executionId="3ed2371d-cf6f-4d5d-9c17-dd699b60ea6e" testId="d7cecce9-aa1f-a976-1c14-4d3740e84a8f" testName="T02_checkPassword_invalid" computerName="0d32bfe019ae" duration="00:00:00.0018750" startTime="2023-12-03T19:07:35.6501271+00:00" endTime="2023-12-03T19:07:35.6552278+00:00" testType="13cdc9d9-ddb5-4fa4-a97d-d965ccfc6d4b" outcome="Passed" testListId="8c84fa94-04c1-424b-9868-57a2d4851a1d" relativeResultsDirectory="3ed2371d-cf6f-4d5d-9c17-dd699b60ea6e" />
    <UnitTestResult executionId="8d4880bd-7505-46ed-80c1-daf2d42541b8" testId="55901e9b-dec1-8d87-44ed-0bc7526abcda" testName="T01_checkPassword_ok" computerName="0d32bfe019ae" duration="00:00:00.0202083" startTime="2023-12-03T19:07:35.5070897+00:00" endTime="2023-12-03T19:07:35.6208301+00:00" testType="13cdc9d9-ddb5-4fa4-a97d-d965ccfc6d4b" outcome="Passed" testListId="8c84fa94-04c1-424b-9868-57a2d4851a1d" relativeResultsDirectory="8d4880bd-7505-46ed-80c1-daf2d42541b8" />
  </Results>
  <TestDefinitions>
    <UnitTest name="T02_checkPassword_invalid" storage="/usr/src/work/passwordtesttests/bin/debug/net7.0/passwordtesttests.dll" id="d7cecce9-aa1f-a976-1c14-4d3740e84a8f">
      <Execution id="3ed2371d-cf6f-4d5d-9c17-dd699b60ea6e" />
      <TestMethod codeBase="/usr/src/work/PasswordTestTests/bin/Debug/net7.0/PasswordTestTests.dll" adapterTypeName="executor://mstestadapter/v2" className="Tests.PasswordCheckerTests" name="T02_checkPassword_invalid" />
    </UnitTest>
    <UnitTest name="T01_checkPassword_ok" storage="/usr/src/work/passwordtesttests/bin/debug/net7.0/passwordtesttests.dll" id="55901e9b-dec1-8d87-44ed-0bc7526abcda">
      <Execution id="8d4880bd-7505-46ed-80c1-daf2d42541b8" />
      <TestMethod codeBase="/usr/src/work/PasswordTestTests/bin/Debug/net7.0/PasswordTestTests.dll" adapterTypeName="executor://mstestadapter/v2" className="Tests.PasswordCheckerTests" name="T01_checkPassword_ok" />
    </UnitTest>
  </TestDefinitions>
  <TestEntries>
    <TestEntry testId="d7cecce9-aa1f-a976-1c14-4d3740e84a8f" executionId="3ed2371d-cf6f-4d5d-9c17-dd699b60ea6e" testListId="8c84fa94-04c1-424b-9868-57a2d4851a1d" />
    <TestEntry testId="55901e9b-dec1-8d87-44ed-0bc7526abcda" executionId="8d4880bd-7505-46ed-80c1-daf2d42541b8" testListId="8c84fa94-04c1-424b-9868-57a2d4851a1d" />
  </TestEntries>
  <TestLists>
    <TestList name="Results Not in a List" id="8c84fa94-04c1-424b-9868-57a2d4851a1d" />
    <TestList name="All Loaded Results" id="19431567-8539-422a-85d7-44ee4e166bda" />
  </TestLists>
  <ResultSummary outcome="Completed">
    <Counters total="2" executed="2" passed="2" failed="0" error="0" timeout="0" aborted="0" inconclusive="0" passedButRunAborted="0" notRunnable="0" notExecuted="0" disconnected="0" warning="0" completed="0" inProgress="0" pending="0" />
  </ResultSummary>
</TestRun>