<?xml version="1.0" encoding="utf-8"?>
<TestRun id="f73dd2da-774e-4beb-b3ea-06d82954eedf" name="@162e105e333e 2023-12-29 22:35:45" xmlns="http://microsoft.com/schemas/VisualStudio/TeamTest/2010">
  <Times creation="2023-12-29T22:35:45.1416594+00:00" queuing="2023-12-29T22:35:45.1416596+00:00" start="2023-12-29T22:35:44.1965617+00:00" finish="2023-12-29T22:35:45.1517370+00:00" />
  <TestSettings name="default" id="3f487800-57df-4415-b49b-d4172d1f33d4">
    <Deployment runDeploymentRoot="_162e105e333e_2023-12-29_22_35_45" />
  </TestSettings>
  <Results>
    <UnitTestResult executionId="aadaedbc-4eae-449b-a503-75c76eff667d" testId="d7cecce9-aa1f-a976-1c14-4d3740e84a8f" testName="T02_checkPassword_invalid" computerName="162e105e333e" duration="00:00:00.0165278" startTime="2023-12-29T22:35:44.9323435+00:00" endTime="2023-12-29T22:35:44.9496483+00:00" testType="13cdc9d9-ddb5-4fa4-a97d-d965ccfc6d4b" outcome="Failed" testListId="8c84fa94-04c1-424b-9868-57a2d4851a1d" relativeResultsDirectory="aadaedbc-4eae-449b-a503-75c76eff667d">
      <Output>
        <ErrorInfo>
          <Message>Assert.IsTrue failed. </Message>
          <StackTrace>   at Tests.PasswordCheckerTests.T02_checkPassword_invalid() in /usr/src/work/PasswordTestTests/PasswordCheckerTests.cs:line 23
   at System.RuntimeMethodHandle.InvokeMethod(Object target, Void** arguments, Signature sig, Boolean isConstructor)
   at System.Reflection.MethodInvoker.Invoke(Object obj, IntPtr* args, BindingFlags invokeAttr)
</StackTrace>
        </ErrorInfo>
      </Output>
    </UnitTestResult>
    <UnitTestResult executionId="fdc9c936-31ff-42dc-96d0-cb0d51ee7df4" testId="55901e9b-dec1-8d87-44ed-0bc7526abcda" testName="T01_checkPassword_ok" computerName="162e105e333e" duration="00:00:00.0048019" startTime="2023-12-29T22:35:44.9027017+00:00" endTime="2023-12-29T22:35:44.9259034+00:00" testType="13cdc9d9-ddb5-4fa4-a97d-d965ccfc6d4b" outcome="Passed" testListId="8c84fa94-04c1-424b-9868-57a2d4851a1d" relativeResultsDirectory="fdc9c936-31ff-42dc-96d0-cb0d51ee7df4" />
  </Results>
  <TestDefinitions>
    <UnitTest name="T02_checkPassword_invalid" storage="/usr/src/work/passwordtesttests/bin/debug/net7.0/passwordtesttests.dll" id="d7cecce9-aa1f-a976-1c14-4d3740e84a8f">
      <Execution id="aadaedbc-4eae-449b-a503-75c76eff667d" />
      <TestMethod codeBase="/usr/src/work/PasswordTestTests/bin/Debug/net7.0/PasswordTestTests.dll" adapterTypeName="executor://mstestadapter/v2" className="Tests.PasswordCheckerTests" name="T02_checkPassword_invalid" />
    </UnitTest>
    <UnitTest name="T01_checkPassword_ok" storage="/usr/src/work/passwordtesttests/bin/debug/net7.0/passwordtesttests.dll" id="55901e9b-dec1-8d87-44ed-0bc7526abcda">
      <Execution id="fdc9c936-31ff-42dc-96d0-cb0d51ee7df4" />
      <TestMethod codeBase="/usr/src/work/PasswordTestTests/bin/Debug/net7.0/PasswordTestTests.dll" adapterTypeName="executor://mstestadapter/v2" className="Tests.PasswordCheckerTests" name="T01_checkPassword_ok" />
    </UnitTest>
  </TestDefinitions>
  <TestEntries>
    <TestEntry testId="d7cecce9-aa1f-a976-1c14-4d3740e84a8f" executionId="aadaedbc-4eae-449b-a503-75c76eff667d" testListId="8c84fa94-04c1-424b-9868-57a2d4851a1d" />
    <TestEntry testId="55901e9b-dec1-8d87-44ed-0bc7526abcda" executionId="fdc9c936-31ff-42dc-96d0-cb0d51ee7df4" testListId="8c84fa94-04c1-424b-9868-57a2d4851a1d" />
  </TestEntries>
  <TestLists>
    <TestList name="Results Not in a List" id="8c84fa94-04c1-424b-9868-57a2d4851a1d" />
    <TestList name="All Loaded Results" id="19431567-8539-422a-85d7-44ee4e166bda" />
  </TestLists>
  <ResultSummary outcome="Failed">
    <Counters total="2" executed="2" passed="1" failed="1" error="0" timeout="0" aborted="0" inconclusive="0" passedButRunAborted="0" notRunnable="0" notExecuted="0" disconnected="0" warning="0" completed="0" inProgress="0" pending="0" />
  </ResultSummary>
</TestRun>