<?xml version="1.0" encoding="utf-8"?>
<TestRun id="46258ce1-2e46-448a-bba9-6064bb58b962" name="@2b0f7aec41e9 2023-12-02 15:50:42" xmlns="http://microsoft.com/schemas/VisualStudio/TeamTest/2010">
  <Times creation="2023-12-02T15:50:42.9779812+00:00" queuing="2023-12-02T15:50:42.9779813+00:00" start="2023-12-02T15:50:39.2074863+00:00" finish="2023-12-02T15:50:43.0109402+00:00" />
  <TestSettings name="default" id="62adfb54-9520-42e4-8339-f51b6d609e17">
    <Deployment runDeploymentRoot="_2b0f7aec41e9_2023-12-02_15_50_42" />
  </TestSettings>
  <Results>
    <UnitTestResult executionId="b6692fea-c446-4284-a3f0-f3d5bf1405e7" testId="d7cecce9-aa1f-a976-1c14-4d3740e84a8f" testName="T02_checkPassword_invalid" computerName="2b0f7aec41e9" duration="00:00:00.0011845" startTime="2023-12-02T15:50:42.2698864+00:00" endTime="2023-12-02T15:50:42.2724109+00:00" testType="13cdc9d9-ddb5-4fa4-a97d-d965ccfc6d4b" outcome="Passed" testListId="8c84fa94-04c1-424b-9868-57a2d4851a1d" relativeResultsDirectory="b6692fea-c446-4284-a3f0-f3d5bf1405e7" />
    <UnitTestResult executionId="1dd5e74a-876f-4957-932b-63bf3ba030ed" testId="55901e9b-dec1-8d87-44ed-0bc7526abcda" testName="T01_checkPassword_ok" computerName="2b0f7aec41e9" duration="00:00:00.0486775" startTime="2023-12-02T15:50:42.1665681+00:00" endTime="2023-12-02T15:50:42.2518034+00:00" testType="13cdc9d9-ddb5-4fa4-a97d-d965ccfc6d4b" outcome="Passed" testListId="8c84fa94-04c1-424b-9868-57a2d4851a1d" relativeResultsDirectory="1dd5e74a-876f-4957-932b-63bf3ba030ed" />
  </Results>
  <TestDefinitions>
    <UnitTest name="T02_checkPassword_invalid" storage="/usr/src/work/passwordtesttests/bin/debug/net7.0/passwordtesttests.dll" id="d7cecce9-aa1f-a976-1c14-4d3740e84a8f">
      <Execution id="b6692fea-c446-4284-a3f0-f3d5bf1405e7" />
      <TestMethod codeBase="/usr/src/work/PasswordTestTests/bin/Debug/net7.0/PasswordTestTests.dll" adapterTypeName="executor://mstestadapter/v2" className="Tests.PasswordCheckerTests" name="T02_checkPassword_invalid" />
    </UnitTest>
    <UnitTest name="T01_checkPassword_ok" storage="/usr/src/work/passwordtesttests/bin/debug/net7.0/passwordtesttests.dll" id="55901e9b-dec1-8d87-44ed-0bc7526abcda">
      <Execution id="1dd5e74a-876f-4957-932b-63bf3ba030ed" />
      <TestMethod codeBase="/usr/src/work/PasswordTestTests/bin/Debug/net7.0/PasswordTestTests.dll" adapterTypeName="executor://mstestadapter/v2" className="Tests.PasswordCheckerTests" name="T01_checkPassword_ok" />
    </UnitTest>
  </TestDefinitions>
  <TestEntries>
    <TestEntry testId="d7cecce9-aa1f-a976-1c14-4d3740e84a8f" executionId="b6692fea-c446-4284-a3f0-f3d5bf1405e7" testListId="8c84fa94-04c1-424b-9868-57a2d4851a1d" />
    <TestEntry testId="55901e9b-dec1-8d87-44ed-0bc7526abcda" executionId="1dd5e74a-876f-4957-932b-63bf3ba030ed" testListId="8c84fa94-04c1-424b-9868-57a2d4851a1d" />
  </TestEntries>
  <TestLists>
    <TestList name="Results Not in a List" id="8c84fa94-04c1-424b-9868-57a2d4851a1d" />
    <TestList name="All Loaded Results" id="19431567-8539-422a-85d7-44ee4e166bda" />
  </TestLists>
  <ResultSummary outcome="Completed">
    <Counters total="2" executed="2" passed="2" failed="0" error="0" timeout="0" aborted="0" inconclusive="0" passedButRunAborted="0" notRunnable="0" notExecuted="0" disconnected="0" warning="0" completed="0" inProgress="0" pending="0" />
  </ResultSummary>
</TestRun>