<?xml version="1.0" encoding="utf-8"?>
<TestRun id="956f9ec5-b953-48d5-9d09-b8b33dbc94a6" name="@586684c3a8d0 2023-12-02 14:31:42" xmlns="http://microsoft.com/schemas/VisualStudio/TeamTest/2010">
  <Times creation="2023-12-02T14:31:42.2998853+00:00" queuing="2023-12-02T14:31:42.2998855+00:00" start="2023-12-02T14:31:40.1854714+00:00" finish="2023-12-02T14:31:42.3121332+00:00" />
  <TestSettings name="default" id="c8f39397-4e86-4104-99d6-1808e272556d">
    <Deployment runDeploymentRoot="_586684c3a8d0_2023-12-02_14_31_42" />
  </TestSettings>
  <Results>
    <UnitTestResult executionId="bb6974fc-477d-4cfc-a878-a9643afafa6f" testId="55901e9b-dec1-8d87-44ed-0bc7526abcda" testName="T01_checkPassword_ok" computerName="586684c3a8d0" duration="00:00:00.0064619" startTime="2023-12-02T14:31:41.8686694+00:00" endTime="2023-12-02T14:31:41.9138497+00:00" testType="13cdc9d9-ddb5-4fa4-a97d-d965ccfc6d4b" outcome="Passed" testListId="8c84fa94-04c1-424b-9868-57a2d4851a1d" relativeResultsDirectory="bb6974fc-477d-4cfc-a878-a9643afafa6f" />
    <UnitTestResult executionId="898e8367-7db3-42f6-90d0-8c9bcb8eb3b5" testId="d7cecce9-aa1f-a976-1c14-4d3740e84a8f" testName="T02_checkPassword_invalid" computerName="586684c3a8d0" duration="00:00:00.0006904" startTime="2023-12-02T14:31:41.9268638+00:00" endTime="2023-12-02T14:31:41.9287028+00:00" testType="13cdc9d9-ddb5-4fa4-a97d-d965ccfc6d4b" outcome="Passed" testListId="8c84fa94-04c1-424b-9868-57a2d4851a1d" relativeResultsDirectory="898e8367-7db3-42f6-90d0-8c9bcb8eb3b5" />
  </Results>
  <TestDefinitions>
    <UnitTest name="T02_checkPassword_invalid" storage="/usr/src/work/passwordtesttests/bin/debug/net7.0/passwordtesttests.dll" id="d7cecce9-aa1f-a976-1c14-4d3740e84a8f">
      <Execution id="898e8367-7db3-42f6-90d0-8c9bcb8eb3b5" />
      <TestMethod codeBase="/usr/src/work/PasswordTestTests/bin/Debug/net7.0/PasswordTestTests.dll" adapterTypeName="executor://mstestadapter/v2" className="Tests.PasswordCheckerTests" name="T02_checkPassword_invalid" />
    </UnitTest>
    <UnitTest name="T01_checkPassword_ok" storage="/usr/src/work/passwordtesttests/bin/debug/net7.0/passwordtesttests.dll" id="55901e9b-dec1-8d87-44ed-0bc7526abcda">
      <Execution id="bb6974fc-477d-4cfc-a878-a9643afafa6f" />
      <TestMethod codeBase="/usr/src/work/PasswordTestTests/bin/Debug/net7.0/PasswordTestTests.dll" adapterTypeName="executor://mstestadapter/v2" className="Tests.PasswordCheckerTests" name="T01_checkPassword_ok" />
    </UnitTest>
  </TestDefinitions>
  <TestEntries>
    <TestEntry testId="55901e9b-dec1-8d87-44ed-0bc7526abcda" executionId="bb6974fc-477d-4cfc-a878-a9643afafa6f" testListId="8c84fa94-04c1-424b-9868-57a2d4851a1d" />
    <TestEntry testId="d7cecce9-aa1f-a976-1c14-4d3740e84a8f" executionId="898e8367-7db3-42f6-90d0-8c9bcb8eb3b5" testListId="8c84fa94-04c1-424b-9868-57a2d4851a1d" />
  </TestEntries>
  <TestLists>
    <TestList name="Results Not in a List" id="8c84fa94-04c1-424b-9868-57a2d4851a1d" />
    <TestList name="All Loaded Results" id="19431567-8539-422a-85d7-44ee4e166bda" />
  </TestLists>
  <ResultSummary outcome="Completed">
    <Counters total="2" executed="2" passed="2" failed="0" error="0" timeout="0" aborted="0" inconclusive="0" passedButRunAborted="0" notRunnable="0" notExecuted="0" disconnected="0" warning="0" completed="0" inProgress="0" pending="0" />
  </ResultSummary>
</TestRun>