<?xml version="1.0" encoding="utf-8"?>
<TestRun id="24292d63-16a2-4012-82ca-bff8892ce21d" name="@ce161db837e3 2023-12-02 15:47:36" xmlns="http://microsoft.com/schemas/VisualStudio/TeamTest/2010">
  <Times creation="2023-12-02T15:47:36.4752784+00:00" queuing="2023-12-02T15:47:36.4752785+00:00" start="2023-12-02T15:47:34.0268862+00:00" finish="2023-12-02T15:47:36.4901833+00:00" />
  <TestSettings name="default" id="b232e7e9-e10f-4011-948f-9c1bce7d5824">
    <Deployment runDeploymentRoot="_ce161db837e3_2023-12-02_15_47_36" />
  </TestSettings>
  <Results>
    <UnitTestResult executionId="524dd72d-0d06-4832-a3ef-354a0481c008" testId="55901e9b-dec1-8d87-44ed-0bc7526abcda" testName="T01_checkPassword_ok" computerName="ce161db837e3" duration="00:00:00.0065668" startTime="2023-12-02T15:47:35.9534281+00:00" endTime="2023-12-02T15:47:35.9936088+00:00" testType="13cdc9d9-ddb5-4fa4-a97d-d965ccfc6d4b" outcome="Passed" testListId="8c84fa94-04c1-424b-9868-57a2d4851a1d" relativeResultsDirectory="524dd72d-0d06-4832-a3ef-354a0481c008" />
    <UnitTestResult executionId="1de8ad4f-f46a-4cda-b67b-46d7da2ed666" testId="d7cecce9-aa1f-a976-1c14-4d3740e84a8f" testName="T02_checkPassword_invalid" computerName="ce161db837e3" duration="00:00:00.0008375" startTime="2023-12-02T15:47:36.0052151+00:00" endTime="2023-12-02T15:47:36.0077776+00:00" testType="13cdc9d9-ddb5-4fa4-a97d-d965ccfc6d4b" outcome="Passed" testListId="8c84fa94-04c1-424b-9868-57a2d4851a1d" relativeResultsDirectory="1de8ad4f-f46a-4cda-b67b-46d7da2ed666" />
  </Results>
  <TestDefinitions>
    <UnitTest name="T02_checkPassword_invalid" storage="/usr/src/work/passwordtesttests/bin/debug/net7.0/passwordtesttests.dll" id="d7cecce9-aa1f-a976-1c14-4d3740e84a8f">
      <Execution id="1de8ad4f-f46a-4cda-b67b-46d7da2ed666" />
      <TestMethod codeBase="/usr/src/work/PasswordTestTests/bin/Debug/net7.0/PasswordTestTests.dll" adapterTypeName="executor://mstestadapter/v2" className="Tests.PasswordCheckerTests" name="T02_checkPassword_invalid" />
    </UnitTest>
    <UnitTest name="T01_checkPassword_ok" storage="/usr/src/work/passwordtesttests/bin/debug/net7.0/passwordtesttests.dll" id="55901e9b-dec1-8d87-44ed-0bc7526abcda">
      <Execution id="524dd72d-0d06-4832-a3ef-354a0481c008" />
      <TestMethod codeBase="/usr/src/work/PasswordTestTests/bin/Debug/net7.0/PasswordTestTests.dll" adapterTypeName="executor://mstestadapter/v2" className="Tests.PasswordCheckerTests" name="T01_checkPassword_ok" />
    </UnitTest>
  </TestDefinitions>
  <TestEntries>
    <TestEntry testId="55901e9b-dec1-8d87-44ed-0bc7526abcda" executionId="524dd72d-0d06-4832-a3ef-354a0481c008" testListId="8c84fa94-04c1-424b-9868-57a2d4851a1d" />
    <TestEntry testId="d7cecce9-aa1f-a976-1c14-4d3740e84a8f" executionId="1de8ad4f-f46a-4cda-b67b-46d7da2ed666" testListId="8c84fa94-04c1-424b-9868-57a2d4851a1d" />
  </TestEntries>
  <TestLists>
    <TestList name="Results Not in a List" id="8c84fa94-04c1-424b-9868-57a2d4851a1d" />
    <TestList name="All Loaded Results" id="19431567-8539-422a-85d7-44ee4e166bda" />
  </TestLists>
  <ResultSummary outcome="Completed">
    <Counters total="2" executed="2" passed="2" failed="0" error="0" timeout="0" aborted="0" inconclusive="0" passedButRunAborted="0" notRunnable="0" notExecuted="0" disconnected="0" warning="0" completed="0" inProgress="0" pending="0" />
  </ResultSummary>
</TestRun>