<?xml version="1.0" encoding="utf-8"?>
<TestRun id="33f51adb-f477-46e7-ad70-e834521f2f90" name="@fa3ba968ab03 2023-12-29 15:39:58" xmlns="http://microsoft.com/schemas/VisualStudio/TeamTest/2010">
  <Times creation="2023-12-29T15:39:58.0566237+00:00" queuing="2023-12-29T15:39:58.0566237+00:00" start="2023-12-29T15:39:57.4624825+00:00" finish="2023-12-29T15:39:58.0677679+00:00" />
  <TestSettings name="default" id="98262743-6574-4463-9640-d39126da1b12">
    <Deployment runDeploymentRoot="_fa3ba968ab03_2023-12-29_15_39_58" />
  </TestSettings>
  <Results>
    <UnitTestResult executionId="c8ce0e13-c2a5-40c2-a75d-6f26c26cecff" testId="d7cecce9-aa1f-a976-1c14-4d3740e84a8f" testName="T02_checkPassword_invalid" computerName="fa3ba968ab03" duration="00:00:00.0002808" startTime="2023-12-29T15:39:57.9079467+00:00" endTime="2023-12-29T15:39:57.9086945+00:00" testType="13cdc9d9-ddb5-4fa4-a97d-d965ccfc6d4b" outcome="Passed" testListId="8c84fa94-04c1-424b-9868-57a2d4851a1d" relativeResultsDirectory="c8ce0e13-c2a5-40c2-a75d-6f26c26cecff" />
    <UnitTestResult executionId="f2f4e78f-b07c-4ffc-acd1-ce62f02cc70d" testId="55901e9b-dec1-8d87-44ed-0bc7526abcda" testName="T01_checkPassword_ok" computerName="fa3ba968ab03" duration="00:00:00.0020305" startTime="2023-12-29T15:39:57.8923756+00:00" endTime="2023-12-29T15:39:57.9037269+00:00" testType="13cdc9d9-ddb5-4fa4-a97d-d965ccfc6d4b" outcome="Passed" testListId="8c84fa94-04c1-424b-9868-57a2d4851a1d" relativeResultsDirectory="f2f4e78f-b07c-4ffc-acd1-ce62f02cc70d" />
  </Results>
  <TestDefinitions>
    <UnitTest name="T02_checkPassword_invalid" storage="/usr/src/work/passwordtesttests/bin/debug/net7.0/passwordtesttests.dll" id="d7cecce9-aa1f-a976-1c14-4d3740e84a8f">
      <Execution id="c8ce0e13-c2a5-40c2-a75d-6f26c26cecff" />
      <TestMethod codeBase="/usr/src/work/PasswordTestTests/bin/Debug/net7.0/PasswordTestTests.dll" adapterTypeName="executor://mstestadapter/v2" className="Tests.PasswordCheckerTests" name="T02_checkPassword_invalid" />
    </UnitTest>
    <UnitTest name="T01_checkPassword_ok" storage="/usr/src/work/passwordtesttests/bin/debug/net7.0/passwordtesttests.dll" id="55901e9b-dec1-8d87-44ed-0bc7526abcda">
      <Execution id="f2f4e78f-b07c-4ffc-acd1-ce62f02cc70d" />
      <TestMethod codeBase="/usr/src/work/PasswordTestTests/bin/Debug/net7.0/PasswordTestTests.dll" adapterTypeName="executor://mstestadapter/v2" className="Tests.PasswordCheckerTests" name="T01_checkPassword_ok" />
    </UnitTest>
  </TestDefinitions>
  <TestEntries>
    <TestEntry testId="d7cecce9-aa1f-a976-1c14-4d3740e84a8f" executionId="c8ce0e13-c2a5-40c2-a75d-6f26c26cecff" testListId="8c84fa94-04c1-424b-9868-57a2d4851a1d" />
    <TestEntry testId="55901e9b-dec1-8d87-44ed-0bc7526abcda" executionId="f2f4e78f-b07c-4ffc-acd1-ce62f02cc70d" testListId="8c84fa94-04c1-424b-9868-57a2d4851a1d" />
  </TestEntries>
  <TestLists>
    <TestList name="Results Not in a List" id="8c84fa94-04c1-424b-9868-57a2d4851a1d" />
    <TestList name="All Loaded Results" id="19431567-8539-422a-85d7-44ee4e166bda" />
  </TestLists>
  <ResultSummary outcome="Completed">
    <Counters total="2" executed="2" passed="2" failed="0" error="0" timeout="0" aborted="0" inconclusive="0" passedButRunAborted="0" notRunnable="0" notExecuted="0" disconnected="0" warning="0" completed="0" inProgress="0" pending="0" />
  </ResultSummary>
</TestRun>