<?xml version="1.0" encoding="utf-8"?>
<TestRun id="882c7802-e0f6-4622-974f-ca93c097029b" name="@87240481d620 2024-01-07 19:32:00" xmlns="http://microsoft.com/schemas/VisualStudio/TeamTest/2010">
  <Times creation="2024-01-07T19:32:00.5350361+00:00" queuing="2024-01-07T19:32:00.5350362+00:00" start="2024-01-07T19:31:59.6531048+00:00" finish="2024-01-07T19:32:00.5488876+00:00" />
  <TestSettings name="default" id="f1df33ef-5f3a-4283-9596-9a9c43441dca">
    <Deployment runDeploymentRoot="_87240481d620_2024-01-07_19_32_00" />
  </TestSettings>
  <Results>
    <UnitTestResult executionId="c170d3bd-09a8-4eb5-99dc-a41d6ec54c2d" testId="55901e9b-dec1-8d87-44ed-0bc7526abcda" testName="T01_checkPassword_ok" computerName="87240481d620" duration="00:00:00.0044107" startTime="2024-01-07T19:32:00.2868477+00:00" endTime="2024-01-07T19:32:00.3126387+00:00" testType="13cdc9d9-ddb5-4fa4-a97d-d965ccfc6d4b" outcome="Passed" testListId="8c84fa94-04c1-424b-9868-57a2d4851a1d" relativeResultsDirectory="c170d3bd-09a8-4eb5-99dc-a41d6ec54c2d" />
    <UnitTestResult executionId="a4846f65-3fb8-40f7-af3a-44af083fc69e" testId="d7cecce9-aa1f-a976-1c14-4d3740e84a8f" testName="T02_checkPassword_invalid" computerName="87240481d620" duration="00:00:00.0131093" startTime="2024-01-07T19:32:00.3197462+00:00" endTime="2024-01-07T19:32:00.3337536+00:00" testType="13cdc9d9-ddb5-4fa4-a97d-d965ccfc6d4b" outcome="Failed" testListId="8c84fa94-04c1-424b-9868-57a2d4851a1d" relativeResultsDirectory="a4846f65-3fb8-40f7-af3a-44af083fc69e">
      <Output>
        <ErrorInfo>
          <Message>Assert.IsTrue failed. </Message>
          <StackTrace>   at Tests.PasswordCheckerTests.T02_checkPassword_invalid() in /usr/src/work/PasswordTestTests/PasswordCheckerTests.cs:line 23
   at System.RuntimeMethodHandle.InvokeMethod(Object target, Void** arguments, Signature sig, Boolean isConstructor)
   at System.Reflection.MethodInvoker.Invoke(Object obj, IntPtr* args, BindingFlags invokeAttr)
</StackTrace>
        </ErrorInfo>
      </Output>
    </UnitTestResult>
  </Results>
  <TestDefinitions>
    <UnitTest name="T02_checkPassword_invalid" storage="/usr/src/work/passwordtesttests/bin/debug/net7.0/passwordtesttests.dll" id="d7cecce9-aa1f-a976-1c14-4d3740e84a8f">
      <Execution id="a4846f65-3fb8-40f7-af3a-44af083fc69e" />
      <TestMethod codeBase="/usr/src/work/PasswordTestTests/bin/Debug/net7.0/PasswordTestTests.dll" adapterTypeName="executor://mstestadapter/v2" className="Tests.PasswordCheckerTests" name="T02_checkPassword_invalid" />
    </UnitTest>
    <UnitTest name="T01_checkPassword_ok" storage="/usr/src/work/passwordtesttests/bin/debug/net7.0/passwordtesttests.dll" id="55901e9b-dec1-8d87-44ed-0bc7526abcda">
      <Execution id="c170d3bd-09a8-4eb5-99dc-a41d6ec54c2d" />
      <TestMethod codeBase="/usr/src/work/PasswordTestTests/bin/Debug/net7.0/PasswordTestTests.dll" adapterTypeName="executor://mstestadapter/v2" className="Tests.PasswordCheckerTests" name="T01_checkPassword_ok" />
    </UnitTest>
  </TestDefinitions>
  <TestEntries>
    <TestEntry testId="55901e9b-dec1-8d87-44ed-0bc7526abcda" executionId="c170d3bd-09a8-4eb5-99dc-a41d6ec54c2d" testListId="8c84fa94-04c1-424b-9868-57a2d4851a1d" />
    <TestEntry testId="d7cecce9-aa1f-a976-1c14-4d3740e84a8f" executionId="a4846f65-3fb8-40f7-af3a-44af083fc69e" testListId="8c84fa94-04c1-424b-9868-57a2d4851a1d" />
  </TestEntries>
  <TestLists>
    <TestList name="Results Not in a List" id="8c84fa94-04c1-424b-9868-57a2d4851a1d" />
    <TestList name="All Loaded Results" id="19431567-8539-422a-85d7-44ee4e166bda" />
  </TestLists>
  <ResultSummary outcome="Failed">
    <Counters total="2" executed="2" passed="1" failed="1" error="0" timeout="0" aborted="0" inconclusive="0" passedButRunAborted="0" notRunnable="0" notExecuted="0" disconnected="0" warning="0" completed="0" inProgress="0" pending="0" />
  </ResultSummary>
</TestRun>