<?xml version="1.0" encoding="utf-8"?>
<TestRun id="d5f206f5-ccc1-467c-b629-703402096247" name="@572285dfe2b8 2023-11-15 16:32:36" xmlns="http://microsoft.com/schemas/VisualStudio/TeamTest/2010">
  <Times creation="2023-11-15T16:32:36.7679690+00:00" queuing="2023-11-15T16:32:36.7679691+00:00" start="2023-11-15T16:32:36.3714357+00:00" finish="2023-11-15T16:32:36.7726698+00:00" />
  <TestSettings name="default" id="de94c2f5-e01d-40a7-a057-af96161efe81">
    <Deployment runDeploymentRoot="_572285dfe2b8_2023-11-15_16_32_36" />
  </TestSettings>
  <Results>
    <UnitTestResult executionId="8c9a55db-f41c-49db-a4a2-03484b781bfe" testId="c9c584cc-f73d-2cb6-bc9c-29e90670fd3e" testName="subtractTest_OK" computerName="572285dfe2b8" duration="00:00:00.0016725" startTime="2023-11-15T16:32:36.6706028+00:00" endTime="2023-11-15T16:32:36.6790095+00:00" testType="13cdc9d9-ddb5-4fa4-a97d-d965ccfc6d4b" outcome="Passed" testListId="8c84fa94-04c1-424b-9868-57a2d4851a1d" relativeResultsDirectory="8c9a55db-f41c-49db-a4a2-03484b781bfe" />
    <UnitTestResult executionId="0f3998ed-d332-41a9-8c1a-a717908e63ec" testId="614019b7-4599-7dc4-a174-84b9d0b51b94" testName="subtractTest_NotOk" computerName="572285dfe2b8" duration="00:00:00.0002529" startTime="2023-11-15T16:32:36.6820110+00:00" endTime="2023-11-15T16:32:36.6824511+00:00" testType="13cdc9d9-ddb5-4fa4-a97d-d965ccfc6d4b" outcome="Passed" testListId="8c84fa94-04c1-424b-9868-57a2d4851a1d" relativeResultsDirectory="0f3998ed-d332-41a9-8c1a-a717908e63ec" />
  </Results>
  <TestDefinitions>
    <UnitTest name="subtractTest_OK" storage="/usr/src/work/subtractiontests/bin/debug/net7.0/subtractiontests.dll" id="c9c584cc-f73d-2cb6-bc9c-29e90670fd3e">
      <Execution id="8c9a55db-f41c-49db-a4a2-03484b781bfe" />
      <TestMethod codeBase="/usr/src/work/SubtractionTests/bin/Debug/net7.0/SubtractionTests.dll" adapterTypeName="executor://mstestadapter/v2" className="Tests.SubtractionTests" name="subtractTest_OK" />
    </UnitTest>
    <UnitTest name="subtractTest_NotOk" storage="/usr/src/work/subtractiontests/bin/debug/net7.0/subtractiontests.dll" id="614019b7-4599-7dc4-a174-84b9d0b51b94">
      <Execution id="0f3998ed-d332-41a9-8c1a-a717908e63ec" />
      <TestMethod codeBase="/usr/src/work/SubtractionTests/bin/Debug/net7.0/SubtractionTests.dll" adapterTypeName="executor://mstestadapter/v2" className="Tests.SubtractionTests" name="subtractTest_NotOk" />
    </UnitTest>
  </TestDefinitions>
  <TestEntries>
    <TestEntry testId="c9c584cc-f73d-2cb6-bc9c-29e90670fd3e" executionId="8c9a55db-f41c-49db-a4a2-03484b781bfe" testListId="8c84fa94-04c1-424b-9868-57a2d4851a1d" />
    <TestEntry testId="614019b7-4599-7dc4-a174-84b9d0b51b94" executionId="0f3998ed-d332-41a9-8c1a-a717908e63ec" testListId="8c84fa94-04c1-424b-9868-57a2d4851a1d" />
  </TestEntries>
  <TestLists>
    <TestList name="Results Not in a List" id="8c84fa94-04c1-424b-9868-57a2d4851a1d" />
    <TestList name="All Loaded Results" id="19431567-8539-422a-85d7-44ee4e166bda" />
  </TestLists>
  <ResultSummary outcome="Completed">
    <Counters total="2" executed="2" passed="2" failed="0" error="0" timeout="0" aborted="0" inconclusive="0" passedButRunAborted="0" notRunnable="0" notExecuted="0" disconnected="0" warning="0" completed="0" inProgress="0" pending="0" />
  </ResultSummary>
</TestRun>