<?xml version="1.0" encoding="utf-8"?>
<TestRun id="c69299c1-45a4-4898-93f4-269184629cd9" name="@ffc009c1363b 2023-12-05 20:38:43" xmlns="http://microsoft.com/schemas/VisualStudio/TeamTest/2010">
  <Times creation="2023-12-05T20:38:43.7986380+00:00" queuing="2023-12-05T20:38:43.7986381+00:00" start="2023-12-05T20:38:33.1536939+00:00" finish="2023-12-05T20:38:43.8533511+00:00" />
  <TestSettings name="default" id="efd60e9b-a947-40df-98af-49a2ae09a7e4">
    <Deployment runDeploymentRoot="_ffc009c1363b_2023-12-05_20_38_43" />
  </TestSettings>
  <Results>
    <UnitTestResult executionId="63923096-4ba9-4170-868c-affffd0359a5" testId="614019b7-4599-7dc4-a174-84b9d0b51b94" testName="subtractTest_NotOk" computerName="ffc009c1363b" duration="00:00:00.0052573" startTime="2023-12-05T20:38:42.6143055+00:00" endTime="2023-12-05T20:38:42.6230654+00:00" testType="13cdc9d9-ddb5-4fa4-a97d-d965ccfc6d4b" outcome="Passed" testListId="8c84fa94-04c1-424b-9868-57a2d4851a1d" relativeResultsDirectory="63923096-4ba9-4170-868c-affffd0359a5" />
    <UnitTestResult executionId="c0a27b75-5ca3-4c77-ba43-fdc7594de559" testId="c9c584cc-f73d-2cb6-bc9c-29e90670fd3e" testName="subtractTest_OK" computerName="ffc009c1363b" duration="00:00:00.0162304" startTime="2023-12-05T20:38:42.4975311+00:00" endTime="2023-12-05T20:38:42.5765898+00:00" testType="13cdc9d9-ddb5-4fa4-a97d-d965ccfc6d4b" outcome="Passed" testListId="8c84fa94-04c1-424b-9868-57a2d4851a1d" relativeResultsDirectory="c0a27b75-5ca3-4c77-ba43-fdc7594de559" />
  </Results>
  <TestDefinitions>
    <UnitTest name="subtractTest_OK" storage="/usr/src/work/subtractiontests/bin/debug/net7.0/subtractiontests.dll" id="c9c584cc-f73d-2cb6-bc9c-29e90670fd3e">
      <Execution id="c0a27b75-5ca3-4c77-ba43-fdc7594de559" />
      <TestMethod codeBase="/usr/src/work/SubtractionTests/bin/Debug/net7.0/SubtractionTests.dll" adapterTypeName="executor://mstestadapter/v2" className="Tests.SubtractionTests" name="subtractTest_OK" />
    </UnitTest>
    <UnitTest name="subtractTest_NotOk" storage="/usr/src/work/subtractiontests/bin/debug/net7.0/subtractiontests.dll" id="614019b7-4599-7dc4-a174-84b9d0b51b94">
      <Execution id="63923096-4ba9-4170-868c-affffd0359a5" />
      <TestMethod codeBase="/usr/src/work/SubtractionTests/bin/Debug/net7.0/SubtractionTests.dll" adapterTypeName="executor://mstestadapter/v2" className="Tests.SubtractionTests" name="subtractTest_NotOk" />
    </UnitTest>
  </TestDefinitions>
  <TestEntries>
    <TestEntry testId="614019b7-4599-7dc4-a174-84b9d0b51b94" executionId="63923096-4ba9-4170-868c-affffd0359a5" testListId="8c84fa94-04c1-424b-9868-57a2d4851a1d" />
    <TestEntry testId="c9c584cc-f73d-2cb6-bc9c-29e90670fd3e" executionId="c0a27b75-5ca3-4c77-ba43-fdc7594de559" testListId="8c84fa94-04c1-424b-9868-57a2d4851a1d" />
  </TestEntries>
  <TestLists>
    <TestList name="Results Not in a List" id="8c84fa94-04c1-424b-9868-57a2d4851a1d" />
    <TestList name="All Loaded Results" id="19431567-8539-422a-85d7-44ee4e166bda" />
  </TestLists>
  <ResultSummary outcome="Completed">
    <Counters total="2" executed="2" passed="2" failed="0" error="0" timeout="0" aborted="0" inconclusive="0" passedButRunAborted="0" notRunnable="0" notExecuted="0" disconnected="0" warning="0" completed="0" inProgress="0" pending="0" />
  </ResultSummary>
</TestRun>