<?xml version="1.0" encoding="utf-8"?>
<TestRun id="b33ce1a8-35f2-406d-9455-4bd1d7c36776" name="@096aaa965b07 2023-12-02 14:48:42" xmlns="http://microsoft.com/schemas/VisualStudio/TeamTest/2010">
  <Times creation="2023-12-02T14:48:42.3790304+00:00" queuing="2023-12-02T14:48:42.3790305+00:00" start="2023-12-02T14:48:39.0192081+00:00" finish="2023-12-02T14:48:42.3976594+00:00" />
  <TestSettings name="default" id="4ed244e9-5daf-475b-8d4b-1b0c13f5b13a">
    <Deployment runDeploymentRoot="_096aaa965b07_2023-12-02_14_48_42" />
  </TestSettings>
  <Results>
    <UnitTestResult executionId="d6e4e778-8c1f-4fdf-b9d9-6603c63670ed" testId="d7cecce9-aa1f-a976-1c14-4d3740e84a8f" testName="T02_checkPassword_invalid" computerName="096aaa965b07" duration="00:00:00.0020445" startTime="2023-12-02T14:48:41.7721640+00:00" endTime="2023-12-02T14:48:41.7753257+00:00" testType="13cdc9d9-ddb5-4fa4-a97d-d965ccfc6d4b" outcome="Passed" testListId="8c84fa94-04c1-424b-9868-57a2d4851a1d" relativeResultsDirectory="d6e4e778-8c1f-4fdf-b9d9-6603c63670ed" />
    <UnitTestResult executionId="bd8d4475-f758-4d72-ba59-c85be3184fb8" testId="55901e9b-dec1-8d87-44ed-0bc7526abcda" testName="T01_checkPassword_ok" computerName="096aaa965b07" duration="00:00:00.0083566" startTime="2023-12-02T14:48:41.7146811+00:00" endTime="2023-12-02T14:48:41.7634048+00:00" testType="13cdc9d9-ddb5-4fa4-a97d-d965ccfc6d4b" outcome="Passed" testListId="8c84fa94-04c1-424b-9868-57a2d4851a1d" relativeResultsDirectory="bd8d4475-f758-4d72-ba59-c85be3184fb8" />
  </Results>
  <TestDefinitions>
    <UnitTest name="T02_checkPassword_invalid" storage="/usr/src/work/passwordtesttests/bin/debug/net7.0/passwordtesttests.dll" id="d7cecce9-aa1f-a976-1c14-4d3740e84a8f">
      <Execution id="d6e4e778-8c1f-4fdf-b9d9-6603c63670ed" />
      <TestMethod codeBase="/usr/src/work/PasswordTestTests/bin/Debug/net7.0/PasswordTestTests.dll" adapterTypeName="executor://mstestadapter/v2" className="Tests.PasswordCheckerTests" name="T02_checkPassword_invalid" />
    </UnitTest>
    <UnitTest name="T01_checkPassword_ok" storage="/usr/src/work/passwordtesttests/bin/debug/net7.0/passwordtesttests.dll" id="55901e9b-dec1-8d87-44ed-0bc7526abcda">
      <Execution id="bd8d4475-f758-4d72-ba59-c85be3184fb8" />
      <TestMethod codeBase="/usr/src/work/PasswordTestTests/bin/Debug/net7.0/PasswordTestTests.dll" adapterTypeName="executor://mstestadapter/v2" className="Tests.PasswordCheckerTests" name="T01_checkPassword_ok" />
    </UnitTest>
  </TestDefinitions>
  <TestEntries>
    <TestEntry testId="d7cecce9-aa1f-a976-1c14-4d3740e84a8f" executionId="d6e4e778-8c1f-4fdf-b9d9-6603c63670ed" testListId="8c84fa94-04c1-424b-9868-57a2d4851a1d" />
    <TestEntry testId="55901e9b-dec1-8d87-44ed-0bc7526abcda" executionId="bd8d4475-f758-4d72-ba59-c85be3184fb8" testListId="8c84fa94-04c1-424b-9868-57a2d4851a1d" />
  </TestEntries>
  <TestLists>
    <TestList name="Results Not in a List" id="8c84fa94-04c1-424b-9868-57a2d4851a1d" />
    <TestList name="All Loaded Results" id="19431567-8539-422a-85d7-44ee4e166bda" />
  </TestLists>
  <ResultSummary outcome="Completed">
    <Counters total="2" executed="2" passed="2" failed="0" error="0" timeout="0" aborted="0" inconclusive="0" passedButRunAborted="0" notRunnable="0" notExecuted="0" disconnected="0" warning="0" completed="0" inProgress="0" pending="0" />
  </ResultSummary>
</TestRun>