<?xml version="1.0" encoding="utf-8"?>
<TestRun id="971b40b0-f2e7-4daa-92c7-aefd04334221" name="@184804b4f1ff 2023-12-02 14:46:36" xmlns="http://microsoft.com/schemas/VisualStudio/TeamTest/2010">
  <Times creation="2023-12-02T14:46:36.3176860+00:00" queuing="2023-12-02T14:46:36.3176861+00:00" start="2023-12-02T14:46:33.9880748+00:00" finish="2023-12-02T14:46:36.3310668+00:00" />
  <TestSettings name="default" id="e4110c14-8f63-49c5-ae6b-41b4a2628797">
    <Deployment runDeploymentRoot="_184804b4f1ff_2023-12-02_14_46_36" />
  </TestSettings>
  <Results>
    <UnitTestResult executionId="c802cb44-1db4-4e2f-a605-a4410ad3d498" testId="55901e9b-dec1-8d87-44ed-0bc7526abcda" testName="T01_checkPassword_ok" computerName="184804b4f1ff" duration="00:00:00.0053256" startTime="2023-12-02T14:46:35.9403270+00:00" endTime="2023-12-02T14:46:35.9685788+00:00" testType="13cdc9d9-ddb5-4fa4-a97d-d965ccfc6d4b" outcome="Passed" testListId="8c84fa94-04c1-424b-9868-57a2d4851a1d" relativeResultsDirectory="c802cb44-1db4-4e2f-a605-a4410ad3d498" />
    <UnitTestResult executionId="d183a60b-7a2d-428e-8663-ae8bb1ea2657" testId="d7cecce9-aa1f-a976-1c14-4d3740e84a8f" testName="T02_checkPassword_invalid" computerName="184804b4f1ff" duration="00:00:00.0004779" startTime="2023-12-02T14:46:35.9762882+00:00" endTime="2023-12-02T14:46:35.9774698+00:00" testType="13cdc9d9-ddb5-4fa4-a97d-d965ccfc6d4b" outcome="Passed" testListId="8c84fa94-04c1-424b-9868-57a2d4851a1d" relativeResultsDirectory="d183a60b-7a2d-428e-8663-ae8bb1ea2657" />
  </Results>
  <TestDefinitions>
    <UnitTest name="T02_checkPassword_invalid" storage="/usr/src/work/passwordtesttests/bin/debug/net7.0/passwordtesttests.dll" id="d7cecce9-aa1f-a976-1c14-4d3740e84a8f">
      <Execution id="d183a60b-7a2d-428e-8663-ae8bb1ea2657" />
      <TestMethod codeBase="/usr/src/work/PasswordTestTests/bin/Debug/net7.0/PasswordTestTests.dll" adapterTypeName="executor://mstestadapter/v2" className="Tests.PasswordCheckerTests" name="T02_checkPassword_invalid" />
    </UnitTest>
    <UnitTest name="T01_checkPassword_ok" storage="/usr/src/work/passwordtesttests/bin/debug/net7.0/passwordtesttests.dll" id="55901e9b-dec1-8d87-44ed-0bc7526abcda">
      <Execution id="c802cb44-1db4-4e2f-a605-a4410ad3d498" />
      <TestMethod codeBase="/usr/src/work/PasswordTestTests/bin/Debug/net7.0/PasswordTestTests.dll" adapterTypeName="executor://mstestadapter/v2" className="Tests.PasswordCheckerTests" name="T01_checkPassword_ok" />
    </UnitTest>
  </TestDefinitions>
  <TestEntries>
    <TestEntry testId="55901e9b-dec1-8d87-44ed-0bc7526abcda" executionId="c802cb44-1db4-4e2f-a605-a4410ad3d498" testListId="8c84fa94-04c1-424b-9868-57a2d4851a1d" />
    <TestEntry testId="d7cecce9-aa1f-a976-1c14-4d3740e84a8f" executionId="d183a60b-7a2d-428e-8663-ae8bb1ea2657" testListId="8c84fa94-04c1-424b-9868-57a2d4851a1d" />
  </TestEntries>
  <TestLists>
    <TestList name="Results Not in a List" id="8c84fa94-04c1-424b-9868-57a2d4851a1d" />
    <TestList name="All Loaded Results" id="19431567-8539-422a-85d7-44ee4e166bda" />
  </TestLists>
  <ResultSummary outcome="Completed">
    <Counters total="2" executed="2" passed="2" failed="0" error="0" timeout="0" aborted="0" inconclusive="0" passedButRunAborted="0" notRunnable="0" notExecuted="0" disconnected="0" warning="0" completed="0" inProgress="0" pending="0" />
  </ResultSummary>
</TestRun>